C51 COMPILER V9.01   COMMON                                                                12/20/2019 15:03:54 PAGE 1   


C51 COMPILER V9.01, COMPILATION OF MODULE COMMON
OBJECT MODULE PLACED IN common.OBJ
COMPILER INVOKED BY: S:\Keil4\C51\C51\BIN\C51.EXE common.c BROWSE DEBUG OBJECTEXTEND

line level    source

   1          #include "common.h"
   2          
   3          char* num8tochar(u8 num)
   4          {       
   5   1              char ret[4];
   6   1          ret[0] = num/100 + 0x30;
   7   1              ret[1] = num%100/10 + 0x30;
   8   1          ret[2] = num%10 + 0x30;
   9   1              ret[3] = 0;
  10   1          return(ret);
  11   1      }
  12          
  13          char* num16tochar(u16 num)
  14          {
  15   1              char ret[6];
  16   1              ret[0] = num/10000 + 0x30;
  17   1          ret[1] = num%10000/1000 + 0x30;
  18   1          ret[2] = num%1000/100 + 0x30;
  19   1              ret[3] = num%100/10 + 0x30;
  20   1          ret[4] = num%10 + 0x30;
  21   1              ret[5] = 0;
  22   1          return(ret);
  23   1      }


MODULE INFORMATION:   STATIC OVERLAYABLE
   CODE SIZE        =    172    ----
   CONSTANT SIZE    =   ----    ----
   XDATA SIZE       =   ----    ----
   PDATA SIZE       =   ----    ----
   DATA SIZE        =   ----      10
   IDATA SIZE       =   ----    ----
   BIT SIZE         =   ----    ----
END OF MODULE INFORMATION.


C51 COMPILATION COMPLETE.  0 WARNING(S),  0 ERROR(S)
