C51 COMPILER V9.01   FEED_MOTOR                                                            12/20/2019 15:03:53 PAGE 1   


C51 COMPILER V9.01, COMPILATION OF MODULE FEED_MOTOR
OBJECT MODULE PLACED IN feed_motor.OBJ
COMPILER INVOKED BY: S:\Keil4\C51\C51\BIN\C51.EXE feed_motor.c BROWSE DEBUG OBJECTEXTEND

line level    source

   1          #include "feed_motor.h"
   2          
   3          void delay(u16);
   4          
   5          #ifdef servo 
              sbit signal = P1^2;
              void open()
              {       
                      u8 i;
                      u8 j = 80;
                      for(k = 0;k < 100;k++) 
                      {
                              for(i = 0;i<100;i++)
                              {
                                      signal = (i < j)?1:0;
                              }
                      }                                       
              }
              void close()
              {       
                      u8 i;
                      u8 j = 10;
                      for(k = 0;k < 100;k++) 
                      {
                              for(i = 0;i<100;i++)
                              {
                                      signal = (i < j)?1:0;
                              }
                      }                                       
              }
              #endif
  32          
  33          #ifdef step5
  34          #define SPEED 750
  35          u8 list[] = {0x04,0x08,0x01,0x02};
  36          void open()
  37          {
  38   1              u8 i,j;
  39   1              for(j = 250; j > 1; j--)
  40   1              {
  41   2                      for(i = 0; i < 4; i++)
  42   2                      {
  43   3                              P1 = list[i]; 
  44   3                              delay(SPEED); 
  45   3                      }
  46   2                      
  47   2              }
  48   1              P1 = 0x00;
  49   1      }
  50          
  51          void close()
  52          {
  53   1              u8 i,j;
  54   1              for(j = 250; j > 1; j--)
  55   1              {
C51 COMPILER V9.01   FEED_MOTOR                                                            12/20/2019 15:03:53 PAGE 2   

  56   2                      for(i = 4; i >0; i--)
  57   2                      {
  58   3                              P1 = list[i-1]; 
  59   3                              delay(SPEED); 
  60   3                      }
  61   2                      P1 = 0x00;      
  62   2              }
  63   1      }
  64          #endif
  65          
  66          #ifdef step4
              #define SPEED 200
              
              u8 list[] = {0x0B,0x0E,0x07,0x0D};
              
              void open()
              {
                      u8 i,j;
                      for(j = 100; j > 1; j--)
                      {
                              for(i = 0; i < 4; i++)
                              {
                                      P1 = list[i];
                                      delay(SPEED);  
                              }
                              
                      }
              }
              
              void close()
              {
                      u8 i,j;
                      for(j = 100; j > 1; j--)
                      {
                              for(i = 4; i > 0; i--)
                              {
                                      P1 = list[i];
                                      delay(SPEED);  
                              }
                              
                      }
              }
              
              #endif
 100          
 101          void delay(u16 i)
 102          {
 103   1              while(i--);     
 104   1      }


MODULE INFORMATION:   STATIC OVERLAYABLE
   CODE SIZE        =     89    ----
   CONSTANT SIZE    =   ----    ----
   XDATA SIZE       =   ----    ----
   PDATA SIZE       =   ----    ----
   DATA SIZE        =      4       4
   IDATA SIZE       =   ----    ----
   BIT SIZE         =   ----    ----
END OF MODULE INFORMATION.


C51 COMPILATION COMPLETE.  0 WARNING(S),  0 ERROR(S)
