C51 COMPILER V9.01   LCD                                                                   12/20/2019 15:03:53 PAGE 1   


C51 COMPILER V9.01, COMPILATION OF MODULE LCD
OBJECT MODULE PLACED IN lcd.OBJ
COMPILER INVOKED BY: S:\Keil4\C51\C51\BIN\C51.EXE lcd.c BROWSE DEBUG OBJECTEXTEND

line level    source

   1          #include"lcd.h"
   2          
   3          void Lcd1602_Delay1ms(uint c);   //误差 0us
   4          
   5          void Read_Busy();           //忙检测函数，判断bit7是0，允许执行；1禁止
   6          void Lcd1602_Write_Cmd(unsigned char cmd);     //写命令
   7          void Lcd1602_Write_Data(unsigned char dat);   //写数据
   8          void LcdSetCursor(unsigned char x,unsigned char y);  //坐标显示
   9                              
  10          
  11          void Read_Busy()           //忙检测函数，判断bit7是0，允许执行；1禁止
  12          {
  13   1          unsigned char sta;      //
  14   1          LCD1602_DB = 0xff;
  15   1          LCD1602_RS = 0;
  16   1          LCD1602_RW = 1;
  17   1          do
  18   1          {
  19   2              LCD1602_EN = 1;
  20   2              sta = LCD1602_DB;
  21   2              LCD1602_EN = 0;    //使能，用完就拉低，释放总线
  22   2          }while(sta & 0x80);
  23   1      }
  24          
  25          void Lcd1602_Write_Cmd(unsigned char cmd)     //写命令
  26          {
  27   1          Read_Busy();
  28   1          LCD1602_RS = 0;
  29   1          LCD1602_RW = 0;
  30   1          LCD1602_DB = cmd;
  31   1          LCD1602_EN = 1;
  32   1          LCD1602_EN = 0;    
  33   1      }
  34          
  35          void Lcd1602_Write_Data(unsigned char dat)   //写数据
  36          {
  37   1            Read_Busy();
  38   1            LCD1602_RS = 1;
  39   1            LCD1602_RW = 0;
  40   1            LCD1602_DB = dat;
  41   1            LCD1602_EN = 1;
  42   1            LCD1602_EN = 0;
  43   1      }
  44          
  45          void LcdSetCursor(unsigned char x,unsigned char y)  //坐标显示
  46          {
  47   1          unsigned char addr;
  48   1          if(y == 0)
  49   1              addr = 0x00 + x;
  50   1          else
  51   1              addr = 0x40 + x;
  52   1          
  53   1          Lcd1602_Write_Cmd(addr|0x80);
  54   1      }
  55          
C51 COMPILER V9.01   LCD                                                                   12/20/2019 15:03:53 PAGE 2   

  56          //按指定位置显示一个字符
  57          void DisplayOneChar(unsigned char X, unsigned char Y, unsigned char DData)
  58          {
  59   1              Y &= 0x1;
  60   1              X &= 0xF; //限制X不能大于15，Y不能大于1
  61   1              if (Y) X |= 0x40; //当要显示第二行时地址码+0x40;
  62   1              X |= 0x80; //算出指令码
  63   1              Lcd1602_Write_Cmd(X); //发命令字
  64   1              Lcd1602_Write_Data(DData); //发数据
  65   1      }
  66          
  67          
  68          void LcdShowStr(unsigned char x,unsigned char y,unsigned char *str)     //显示字符串
  69          {
  70   1          LcdSetCursor(x,y);      //当前字符的坐标
  71   1          while(*str != '\0')
  72   1          {
  73   2              Lcd1602_Write_Data(*str++);
  74   2          }
  75   1      }
  76          
  77          void InitLcd1602()              //1602初始化
  78          {
  79   1          Lcd1602_Write_Cmd(0x38);    //打开，5*8,8位数据
  80   1          Lcd1602_Write_Cmd(0x0c);
  81   1          Lcd1602_Write_Cmd(0x06);
  82   1          Lcd1602_Write_Cmd(0x01);    //清屏   
  83   1      }
  84          
  85          void LcdClearScreen()
  86          {
  87   1          Lcd1602_Write_Cmd(0x01);
  88   1      }


MODULE INFORMATION:   STATIC OVERLAYABLE
   CODE SIZE        =    162    ----
   CONSTANT SIZE    =   ----    ----
   XDATA SIZE       =   ----    ----
   PDATA SIZE       =   ----    ----
   DATA SIZE        =   ----       3
   IDATA SIZE       =   ----    ----
   BIT SIZE         =   ----    ----
END OF MODULE INFORMATION.


C51 COMPILATION COMPLETE.  0 WARNING(S),  0 ERROR(S)
