C51 COMPILER V9.01   MEM                                                                   12/20/2019 15:03:54 PAGE 1   


C51 COMPILER V9.01, COMPILATION OF MODULE MEM
OBJECT MODULE PLACED IN mem.OBJ
COMPILER INVOKED BY: S:\Keil4\C51\C51\BIN\C51.EXE mem.c BROWSE DEBUG OBJECTEXTEND

line level    source

   1          #include"mem.h"
   2          
   3          
   4          void Delay10us()
   5          {
   6   1              unsigned char a,b;
   7   1              for(b=1;b>0;b--)
   8   1                      for(a=2;a>0;a--);
   9   1      
  10   1      }
  11          
  12          void I2cStart()
  13          {
  14   1              SDA=1;
  15   1              Delay10us();
  16   1              SCL=1;
  17   1              Delay10us();//建立时间是SDA保持时间>4.7us
  18   1              SDA=0;
  19   1              Delay10us();//保持时间是>4us
  20   1              SCL=0;                  
  21   1              Delay10us();            
  22   1      }
  23          
  24          void I2cStop()
  25          {
  26   1              SDA=0;
  27   1              Delay10us();
  28   1              SCL=1;
  29   1              Delay10us();//建立时间大于4.7us
  30   1              SDA=1;
  31   1              Delay10us();            
  32   1      }
  33          
  34          unsigned char I2cSendByte(unsigned char dat)
  35          {
  36   1              unsigned char a=0,b=0;//最大255，一个机器周期为1us，最大延时255us。             
  37   1              for(a=0;a<8;a++)//要发送8位，从最高位开始
  38   1              {
  39   2                      SDA=dat>>7;      //起始信号之后SCL=0，所以可以直接改变SDA信号
  40   2                      dat=dat<<1;
  41   2                      Delay10us();
  42   2                      SCL=1;
  43   2                      Delay10us();//建立时间>4.7us
  44   2                      SCL=0;
  45   2                      Delay10us();//时间大于4us           
  46   2              }
  47   1              SDA=1;
  48   1              Delay10us();
  49   1              SCL=1;
  50   1              while(SDA)//等待应答，也就是等待从设备把SDA拉低
  51   1              {
  52   2                      b++;
  53   2                      if(b>200)        //如果超过2000us没有应答发送失败，或者为非应答，表示接收结束
  54   2                      {
  55   3                              SCL=0;
C51 COMPILER V9.01   MEM                                                                   12/20/2019 15:03:54 PAGE 2   

  56   3                              Delay10us();
  57   3                              return 0;
  58   3                      }
  59   2              }
  60   1              SCL=0;
  61   1              Delay10us();
  62   1              return 1;               
  63   1      }
  64          
  65          unsigned char I2cReadByte()
  66          {
  67   1              unsigned char a=0,dat=0;
  68   1              SDA=1;                  //起始和发送一个字节之后SCL都是0
  69   1              Delay10us();
  70   1              for(a=0;a<8;a++)//接收8个字节
  71   1              {
  72   2                      SCL=1;
  73   2                      Delay10us();
  74   2                      dat<<=1;
  75   2                      dat|=SDA;
  76   2                      Delay10us();
  77   2                      SCL=0;
  78   2                      Delay10us();
  79   2              }
  80   1              return dat;             
  81   1      }
  82          
  83          
  84          void At24c02Write(unsigned char addr,unsigned char dat)
  85          {
  86   1              I2cStart();
  87   1              I2cSendByte(0xa0);//发送写器件地址
  88   1              I2cSendByte(addr);//发送要写入内存地址
  89   1              I2cSendByte(dat);       //发送数据
  90   1              I2cStop();
  91   1      }
  92          
  93          unsigned char At24c02Read(unsigned char addr)
  94          {
  95   1              unsigned char num;
  96   1              I2cStart();
  97   1              I2cSendByte(0xa0); //发送写器件地址
  98   1              I2cSendByte(addr); //发送要读取的地址
  99   1              I2cStart();
 100   1              I2cSendByte(0xa1); //发送读器件地址
 101   1              num=I2cReadByte(); //读取数据
 102   1              I2cStop();
 103   1              return num;     
 104   1      }
 105          


MODULE INFORMATION:   STATIC OVERLAYABLE
   CODE SIZE        =    201    ----
   CONSTANT SIZE    =   ----    ----
   XDATA SIZE       =   ----    ----
   PDATA SIZE       =   ----    ----
   DATA SIZE        =   ----    ----
   IDATA SIZE       =   ----    ----
   BIT SIZE         =   ----    ----
END OF MODULE INFORMATION.


C51 COMPILATION COMPLETE.  0 WARNING(S),  0 ERROR(S)
