C51 COMPILER V9.01   RTC                                                                   12/20/2019 15:03:54 PAGE 1   


C51 COMPILER V9.01, COMPILATION OF MODULE RTC
OBJECT MODULE PLACED IN RTC.OBJ
COMPILER INVOKED BY: S:\Keil4\C51\C51\BIN\C51.EXE RTC.c BROWSE DEBUG OBJECTEXTEND

line level    source

   1          
   2          #include"RTC.h"
   3          //---DS1302写入和读取时分秒的地址命令---//
   4          //---秒分时日月周年 最低位读写位;-------//
   5          uchar code READ_RTC_ADDR[7] = {0x81, 0x83, 0x85, 0x87, 0x89, 0x8b, 0x8d}; 
   6          uchar code WRITE_RTC_ADDR[7] = {0x80, 0x82, 0x84, 0x86, 0x88, 0x8a, 0x8c};
   7          
   8          //---DS1302时钟初始化2019年12月7日星期六12点00分00秒。---//
   9          //---存储顺序是秒分时日月周年,存储格式是用BCD码---//
  10          uchar SET_TIME[7] = {00, 0x34, 0x23, 0x17, 0x12, 0x51, 0x19};
  11          uchar RTIME[7] = {0, 0x59, 0x21, 0x18, 0x07, 0x04, 0x19};
  12          
  13          void Ds1302Write(uchar addr, uchar dat)
  14          {
  15   1              uchar n;
  16   1              RST = 0;
  17   1              _nop_();
  18   1      
  19   1              SCLK = 0;//先将SCLK置低电平。
  20   1              _nop_();
  21   1              RST = 1; //然后将RST(CE)置高电平。
  22   1              _nop_();
  23   1      
  24   1              for (n=0; n<8; n++)//开始传送八位地址命令
  25   1              {
  26   2                      DSIO = addr & 0x01;//数据从低位开始传送
  27   2                      addr >>= 1;
  28   2                      SCLK = 1;//数据在上升沿时，DS1302读取数据
  29   2                      _nop_();
  30   2                      SCLK = 0;
  31   2                      _nop_();
  32   2              }
  33   1              for (n=0; n<8; n++)//写入8位数据
  34   1              {
  35   2                      DSIO = dat & 0x01;
  36   2                      dat >>= 1;
  37   2                      SCLK = 1;//数据在上升沿时，DS1302读取数据
  38   2                      _nop_();
  39   2                      SCLK = 0;
  40   2                      _nop_();        
  41   2              }       
  42   1                       
  43   1              RST = 0;//传送数据结束
  44   1              _nop_();
  45   1      }
  46          
  47          
  48          
  49          uchar Ds1302Read(uchar addr)
  50          {
  51   1              uchar n,dat,dat1;
  52   1              RST = 0;
  53   1              _nop_();
  54   1      
  55   1              SCLK = 0;//先将SCLK置低电平。
C51 COMPILER V9.01   RTC                                                                   12/20/2019 15:03:54 PAGE 2   

  56   1              _nop_();
  57   1              RST = 1;//然后将RST(CE)置高电平。
  58   1              _nop_();
  59   1      
  60   1              for(n=0; n<8; n++)//开始传送八位地址命令
  61   1              {
  62   2                      DSIO = addr & 0x01;//数据从低位开始传送
  63   2                      addr >>= 1;
  64   2                      SCLK = 1;//数据在上升沿时，DS1302读取数据
  65   2                      _nop_();
  66   2                      SCLK = 0;//DS1302下降沿时，放置数据
  67   2                      _nop_();
  68   2              }
  69   1              _nop_();
  70   1              for(n=0; n<8; n++)//读取8位数据
  71   1              {
  72   2                      dat1 = DSIO;//从最低位开始接收
  73   2                      dat = (dat>>1) | (dat1<<7);
  74   2                      SCLK = 1;
  75   2                      _nop_();
  76   2                      SCLK = 0;//DS1302下降沿时，放置数据
  77   2                      _nop_();
  78   2              }
  79   1      
  80   1              RST = 0;
  81   1              _nop_();        //以下为DS1302复位的稳定时间,必须的。
  82   1              SCLK = 1;
  83   1              _nop_();
  84   1              DSIO = 0;
  85   1              _nop_();
  86   1              DSIO = 1;
  87   1              _nop_();
  88   1              return dat;     
  89   1      }
  90          
  91          void Ds1302Init()
  92          {
  93   1              uchar n;
  94   1              Ds1302Write(0x8E,0X00);          //禁止写保护，就是关闭写保护功能
  95   1              for (n=0; n<7; n++)//写入7个字节的时钟信号：分秒时日月周年
  96   1              {
  97   2                      Ds1302Write(WRITE_RTC_ADDR[n],SET_TIME[n]);     
  98   2              }
  99   1              Ds1302Write(0x8E,0x80);          //打开写保护功能
 100   1      }
 101          
 102          
 103          
 104          void Ds1302ReadTime()
 105          {
 106   1              uchar n;
 107   1              for (n=0; n<7; n++)//读取7个字节的时钟信号：分秒时日月周年
 108   1              {
 109   2                      RTIME[n] = Ds1302Read(READ_RTC_ADDR[n]);
 110   2              }
 111   1                      
 112   1      }
 113          
 114          


MODULE INFORMATION:   STATIC OVERLAYABLE
C51 COMPILER V9.01   RTC                                                                   12/20/2019 15:03:54 PAGE 3   

   CODE SIZE        =    184    ----
   CONSTANT SIZE    =     14    ----
   XDATA SIZE       =   ----    ----
   PDATA SIZE       =   ----    ----
   DATA SIZE        =     14    ----
   IDATA SIZE       =   ----    ----
   BIT SIZE         =   ----    ----
END OF MODULE INFORMATION.


C51 COMPILATION COMPLETE.  0 WARNING(S),  0 ERROR(S)
