C51 COMPILER V9.01   SERIAL                                                                12/20/2019 15:03:52 PAGE 1   


C51 COMPILER V9.01, COMPILATION OF MODULE SERIAL
OBJECT MODULE PLACED IN serial.OBJ
COMPILER INVOKED BY: S:\Keil4\C51\C51\BIN\C51.EXE serial.c BROWSE DEBUG OBJECTEXTEND

line level    source

   1          
   2          #include "serial.h"
   3          
   4          unsigned int cmd_time;
   5          u8 Scount = 0;
   6          unsigned char RcvData[11] = {0};
   7          unsigned char New_Cmd = 0;
   8          
   9          void UsartInit()
  10          {
  11   1              SCON=0X50;                      
  12   1              TMOD=0X20;              
  13   1              PCON=0X80;      
  14   1              TH1=0XFD;                               
  15   1              TL1=0XFD;
  16   1              ES=0;                                   
  17   1              EA=1;                                   
  18   1              TR1=1;
  19   1      }
  20          
  21          void Usart() interrupt 4
  22          {
  23   1              u8 Sbuff;                        
  24   1              cmd_time = 50000;
  25   1              Sbuff=SBUF;
  26   1              if(Sbuff =='\n')
  27   1              {
  28   2                      cmd_time = 0;
  29   2                      Scount = 0;
  30   2                      New_Cmd = 1;
  31   2              }
  32   1              else
  33   1              {
  34   2                      RcvData[Scount++] = Sbuff;
  35   2                      RcvData[Scount] = '\0';
  36   2              }
  37   1              RI = 0;  
  38   1      }
  39          
  40          void wait_serial_cmd()     // coperate with a global Buff
  41          {
  42   1              cmd_time = 50000;
  43   1              ES = 1;
  44   1              while(cmd_time--);
  45   1              ES = 0;
  46   1      }
  47          
  48          
  49          
  50          void serial_print(char* str)
  51          {
  52   1              while(*str)
  53   1              {
  54   2                      SBUF= *str++;
  55   2                      while(!TI);                      //等待发送数据完成
C51 COMPILER V9.01   SERIAL                                                                12/20/2019 15:03:52 PAGE 2   

  56   2                      TI=0;                            //清除发送完成标志位
  57   2              }
  58   1      }
  59          
  60          void serial_printu8(char* str, u8 count)
  61          {
  62   1              while(count--)
  63   1              {
  64   2                      SBUF= *str++;
  65   2                      while(!TI);                      //等待发送数据完成
  66   2                      TI=0;
  67   2              }
  68   1      }


MODULE INFORMATION:   STATIC OVERLAYABLE
   CODE SIZE        =    193    ----
   CONSTANT SIZE    =   ----    ----
   XDATA SIZE       =   ----    ----
   PDATA SIZE       =   ----    ----
   DATA SIZE        =     15       6
   IDATA SIZE       =   ----    ----
   BIT SIZE         =   ----    ----
END OF MODULE INFORMATION.


C51 COMPILATION COMPLETE.  0 WARNING(S),  0 ERROR(S)
